<?xml version="1.0" encoding="UTF-8"?>
<testng-results ignored="0" total="1" passed="0" failed="1" skipped="0">
  <reporter-output>
  </reporter-output>
  <suite started-at="2022-08-21T10:08:06 IST" name="Default suite" finished-at="2022-08-21T10:08:25 IST" duration-ms="19864">
    <groups>
    </groups>
    <test started-at="2022-08-21T10:08:06 IST" name="Default test" finished-at="2022-08-21T10:08:25 IST" duration-ms="19864">
      <class name="Zerodha_Kite_TestClasses.TC010_VerifyQuantityFieldShouldByDefaultOne">
        <test-method is-config="true" signature="openingBrowserAndURL()[pri:0, instance:Zerodha_Kite_TestClasses.TC010_VerifyQuantityFieldShouldByDefaultOne@53ce1329]" started-at="2022-08-21T10:08:06 IST" name="openingBrowserAndURL" finished-at="2022-08-21T10:08:12 IST" duration-ms="6194" status="PASS">
          <reporter-output>
          </reporter-output>
        </test-method> <!-- openingBrowserAndURL -->
        <test-method is-config="true" signature="logINSetUP()[pri:0, instance:Zerodha_Kite_TestClasses.TC010_VerifyQuantityFieldShouldByDefaultOne@53ce1329]" started-at="2022-08-21T10:08:12 IST" name="logINSetUP" finished-at="2022-08-21T10:08:21 IST" duration-ms="9444" status="PASS">
          <reporter-output>
          </reporter-output>
        </test-method> <!-- logINSetUP -->
        <test-method signature="VerifyQuantityFieldShouldByDefaultOne()[pri:0, instance:Zerodha_Kite_TestClasses.TC010_VerifyQuantityFieldShouldByDefaultOne@53ce1329]" started-at="2022-08-21T10:08:21 IST" name="VerifyQuantityFieldShouldByDefaultOne" finished-at="2022-08-21T10:08:24 IST" duration-ms="3047" status="FAIL">
          <exception class="org.openqa.selenium.StaleElementReferenceException">
            <message>
              <![CDATA[stale element reference: element is not attached to the page document
  (Session info: chrome=104.0.5112.81)
For documentation on this error, please visit: https://selenium.dev/exceptions/#stale_element_reference
Build info: version: '4.3.0', revision: 'a4995e2c09*'
System info: host: 'LAPTOP-LO71UU1I', ip: '192.168.81.172', os.name: 'Windows 11', os.arch: 'amd64', os.version: '10.0', java.version: '17.0.2'
Driver info: org.openqa.selenium.chrome.ChromeDriver
Command: [1ea3d0e87aa6cb6853e4169311eb0f17, clickElement {id=fc0bda1d-cf32-4854-811a-4c3a199b0b16}]
Capabilities {acceptInsecureCerts: false, browserName: chrome, browserVersion: 104.0.5112.81, chrome: {chromedriverVersion: 103.0.5060.53 (a1711811edd7..., userDataDir: C:\Users\HP\AppData\Local\T...}, goog:chromeOptions: {debuggerAddress: localhost:49210}, networkConnectionEnabled: false, pageLoadStrategy: normal, platformName: WINDOWS, proxy: Proxy(), se:cdp: ws://localhost:49210/devtoo..., se:cdpVersion: 104.0.5112.81, setWindowRect: true, strictFileInteractability: false, timeouts: {implicit: 0, pageLoad: 300000, script: 30000}, unhandledPromptBehavior: dismiss and notify, webauthn:extension:credBlob: true, webauthn:extension:largeBlob: true, webauthn:virtualAuthenticators: true}
Element: [[ChromeDriver: chrome on WINDOWS (1ea3d0e87aa6cb6853e4169311eb0f17)] -> xpath: //button[@class='button-blue']]
Session ID: 1ea3d0e87aa6cb6853e4169311eb0f17]]>
            </message>
            <full-stacktrace>
              <![CDATA[org.openqa.selenium.StaleElementReferenceException: stale element reference: element is not attached to the page document
  (Session info: chrome=104.0.5112.81)
For documentation on this error, please visit: https://selenium.dev/exceptions/#stale_element_reference
Build info: version: '4.3.0', revision: 'a4995e2c09*'
System info: host: 'LAPTOP-LO71UU1I', ip: '192.168.81.172', os.name: 'Windows 11', os.arch: 'amd64', os.version: '10.0', java.version: '17.0.2'
Driver info: org.openqa.selenium.chrome.ChromeDriver
Command: [1ea3d0e87aa6cb6853e4169311eb0f17, clickElement {id=fc0bda1d-cf32-4854-811a-4c3a199b0b16}]
Capabilities {acceptInsecureCerts: false, browserName: chrome, browserVersion: 104.0.5112.81, chrome: {chromedriverVersion: 103.0.5060.53 (a1711811edd7..., userDataDir: C:\Users\HP\AppData\Local\T...}, goog:chromeOptions: {debuggerAddress: localhost:49210}, networkConnectionEnabled: false, pageLoadStrategy: normal, platformName: WINDOWS, proxy: Proxy(), se:cdp: ws://localhost:49210/devtoo..., se:cdpVersion: 104.0.5112.81, setWindowRect: true, strictFileInteractability: false, timeouts: {implicit: 0, pageLoad: 300000, script: 30000}, unhandledPromptBehavior: dismiss and notify, webauthn:extension:credBlob: true, webauthn:extension:largeBlob: true, webauthn:virtualAuthenticators: true}
Element: [[ChromeDriver: chrome on WINDOWS (1ea3d0e87aa6cb6853e4169311eb0f17)] -> xpath: //button[@class='button-blue']]
Session ID: 1ea3d0e87aa6cb6853e4169311eb0f17
at java.base/jdk.internal.reflect.NativeConstructorAccessorImpl.newInstance0(Native Method)
at java.base/jdk.internal.reflect.NativeConstructorAccessorImpl.newInstance(NativeConstructorAccessorImpl.java:77)
at java.base/jdk.internal.reflect.DelegatingConstructorAccessorImpl.newInstance(DelegatingConstructorAccessorImpl.java:45)
at java.base/java.lang.reflect.Constructor.newInstanceWithCaller(Constructor.java:499)
at java.base/java.lang.reflect.Constructor.newInstance(Constructor.java:480)
at org.openqa.selenium.remote.codec.w3c.W3CHttpResponseCodec.createException(W3CHttpResponseCodec.java:200)
at org.openqa.selenium.remote.codec.w3c.W3CHttpResponseCodec.decode(W3CHttpResponseCodec.java:133)
at org.openqa.selenium.remote.codec.w3c.W3CHttpResponseCodec.decode(W3CHttpResponseCodec.java:53)
at org.openqa.selenium.remote.HttpCommandExecutor.execute(HttpCommandExecutor.java:184)
at org.openqa.selenium.remote.service.DriverCommandExecutor.invokeExecute(DriverCommandExecutor.java:167)
at org.openqa.selenium.remote.service.DriverCommandExecutor.execute(DriverCommandExecutor.java:142)
at org.openqa.selenium.remote.RemoteWebDriver.execute(RemoteWebDriver.java:569)
at org.openqa.selenium.remote.RemoteWebElement.execute(RemoteWebElement.java:257)
at org.openqa.selenium.remote.RemoteWebElement.click(RemoteWebElement.java:78)
at java.base/jdk.internal.reflect.NativeMethodAccessorImpl.invoke0(Native Method)
at java.base/jdk.internal.reflect.NativeMethodAccessorImpl.invoke(NativeMethodAccessorImpl.java:77)
at java.base/jdk.internal.reflect.DelegatingMethodAccessorImpl.invoke(DelegatingMethodAccessorImpl.java:43)
at java.base/java.lang.reflect.Method.invoke(Method.java:568)
at org.openqa.selenium.support.pagefactory.internal.LocatingElementHandler.invoke(LocatingElementHandler.java:52)
at jdk.proxy2/jdk.proxy2.$Proxy19.click(Unknown Source)
at Zerodha_Kite_POMClasses.Home_DashBoard_POMPage.buyStockName(Home_DashBoard_POMPage.java:116)
at Zerodha_Kite_TestClasses.TC010_VerifyQuantityFieldShouldByDefaultOne.VerifyQuantityFieldShouldByDefaultOne(TC010_VerifyQuantityFieldShouldByDefaultOne.java:20)
at java.base/jdk.internal.reflect.NativeMethodAccessorImpl.invoke0(Native Method)
at java.base/jdk.internal.reflect.NativeMethodAccessorImpl.invoke(NativeMethodAccessorImpl.java:77)
at java.base/jdk.internal.reflect.DelegatingMethodAccessorImpl.invoke(DelegatingMethodAccessorImpl.java:43)
at java.base/java.lang.reflect.Method.invoke(Method.java:568)
at org.testng.internal.MethodInvocationHelper.invokeMethod(MethodInvocationHelper.java:133)
at org.testng.internal.TestInvoker.invokeMethod(TestInvoker.java:598)
at org.testng.internal.TestInvoker.invokeTestMethod(TestInvoker.java:173)
at org.testng.internal.MethodRunner.runInSequence(MethodRunner.java:46)
at org.testng.internal.TestInvoker$MethodInvocationAgent.invoke(TestInvoker.java:824)
at org.testng.internal.TestInvoker.invokeTestMethods(TestInvoker.java:146)
at org.testng.internal.TestMethodWorker.invokeTestMethods(TestMethodWorker.java:146)
at org.testng.internal.TestMethodWorker.run(TestMethodWorker.java:128)
at java.base/java.util.ArrayList.forEach(ArrayList.java:1511)
at org.testng.TestRunner.privateRun(TestRunner.java:794)
at org.testng.TestRunner.run(TestRunner.java:596)
at org.testng.SuiteRunner.runTest(SuiteRunner.java:377)
at org.testng.SuiteRunner.runSequentially(SuiteRunner.java:371)
at org.testng.SuiteRunner.privateRun(SuiteRunner.java:332)
at org.testng.SuiteRunner.run(SuiteRunner.java:276)
at org.testng.SuiteRunnerWorker.runSuite(SuiteRunnerWorker.java:53)
at org.testng.SuiteRunnerWorker.run(SuiteRunnerWorker.java:96)
at org.testng.TestNG.runSuitesSequentially(TestNG.java:1212)
at org.testng.TestNG.runSuitesLocally(TestNG.java:1134)
at org.testng.TestNG.runSuites(TestNG.java:1063)
at org.testng.TestNG.run(TestNG.java:1031)
at org.testng.remote.AbstractRemoteTestNG.run(AbstractRemoteTestNG.java:115)
at org.testng.remote.RemoteTestNG.initAndRun(RemoteTestNG.java:251)
at org.testng.remote.RemoteTestNG.main(RemoteTestNG.java:77)
]]>
            </full-stacktrace>
          </exception> <!-- org.openqa.selenium.StaleElementReferenceException -->
          <reporter-output>
          </reporter-output>
        </test-method> <!-- VerifyQuantityFieldShouldByDefaultOne -->
        <test-method is-config="true" signature="logOut()[pri:0, instance:Zerodha_Kite_TestClasses.TC010_VerifyQuantityFieldShouldByDefaultOne@53ce1329]" started-at="2022-08-21T10:08:24 IST" name="logOut" finished-at="2022-08-21T10:08:25 IST" duration-ms="1013" status="PASS">
          <reporter-output>
          </reporter-output>
        </test-method> <!-- logOut -->
        <test-method is-config="true" signature="tearDown()[pri:0, instance:Zerodha_Kite_TestClasses.TC010_VerifyQuantityFieldShouldByDefaultOne@53ce1329]" started-at="2022-08-21T10:08:25 IST" name="tearDown" finished-at="2022-08-21T10:08:25 IST" duration-ms="118" status="PASS">
          <reporter-output>
          </reporter-output>
        </test-method> <!-- tearDown -->
      </class> <!-- Zerodha_Kite_TestClasses.TC010_VerifyQuantityFieldShouldByDefaultOne -->
    </test> <!-- Default test -->
  </suite> <!-- Default suite -->
</testng-results>
